# JRE version: Java(TM) SE Runtime Environment (8.0_51-b16) (build 1.8.0_51-b16)
# Java VM: Java HotSpot(TM) 64-Bit Server VM (25.51-b03 mixed mode windows-amd64 compressed oops)
Heap:
 PSYoungGen      total 24576K, used 17325K [0x00000000d5e00000, 0x00000000d7900000, 0x0000000100000000)
  eden space 24064K, 71% used [0x00000000d5e00000,0x00000000d6eeb780,0x00000000d7580000)
  from space 512K, 0% used [0x00000000d7800000,0x00000000d7800000,0x00000000d7880000)
  to   space 512K, 0% used [0x00000000d7880000,0x00000000d7880000,0x00000000d7900000)
 ParOldGen       total 87552K, used 14346K [0x0000000081a00000, 0x0000000086f80000, 0x00000000d5e00000)
  object space 87552K, 16% used [0x0000000081a00000,0x0000000082802b60,0x0000000086f80000)
 Metaspace       used 3811K, capacity 5368K, committed 5632K, reserved 1056768K
  class space    used 328K, capacity 424K, committed 512K, reserved 1048576K
GC Heap History (10 events):
Event: 16758.216 GC heap before
{Heap before GC invocations=14031 (full 0):
 PSYoungGen      total 24576K, used 24064K [0x00000000d5e00000, 0x00000000d7900000, 0x0000000100000000)
  eden space 24064K, 100% used [0x00000000d5e00000,0x00000000d7580000,0x00000000d7580000)
  from space 512K, 0% used [0x00000000d7880000,0x00000000d7880000,0x00000000d7900000)
  to   space 512K, 0% used [0x00000000d7800000,0x00000000d7800000,0x00000000d7880000)
 ParOldGen       total 87552K, used 14346K [0x0000000081a00000, 0x0000000086f80000, 0x00000000d5e00000)
  object space 87552K, 16% used [0x0000000081a00000,0x0000000082802b60,0x0000000086f80000)
 Metaspace       used 3811K, capacity 5368K, committed 5632K, reserved 1056768K
  class space    used 328K, capacity 424K, committed 512K, reserved 1048576K
Event: 16758.217 GC heap after
Heap after GC invocations=14031 (full 0):
 PSYoungGen      total 24576K, used 32K [0x00000000d5e00000, 0x00000000d7900000, 0x0000000100000000)
  eden space 24064K, 0% used [0x00000000d5e00000,0x00000000d5e00000,0x00000000d7580000)
  from space 512K, 6% used [0x00000000d7800000,0x00000000d7808000,0x00000000d7880000)
  to   space 512K, 0% used [0x00000000d7880000,0x00000000d7880000,0x00000000d7900000)
 ParOldGen       total 87552K, used 14346K [0x0000000081a00000, 0x0000000086f80000, 0x00000000d5e00000)
  object space 87552K, 16% used [0x0000000081a00000,0x0000000082802b60,0x0000000086f80000)
 Metaspace       used 3811K, capacity 5368K, committed 5632K, reserved 1056768K
  class space    used 328K, capacity 424K, committed 512K, reserved 1048576K
}
Event: 16760.080 GC heap before
{Heap before GC invocations=14032 (full 0):
 PSYoungGen      total 24576K, used 24096K [0x00000000d5e00000, 0x00000000d7900000, 0x0000000100000000)
  eden space 24064K, 100% used [0x00000000d5e00000,0x00000000d7580000,0x00000000d7580000)
  from space 512K, 6% used [0x00000000d7800000,0x00000000d7808000,0x00000000d7880000)
  to   space 512K, 0% used [0x00000000d7880000,0x00000000d7880000,0x00000000d7900000)
 ParOldGen       total 87552K, used 14346K [0x0000000081a00000, 0x0000000086f80000, 0x00000000d5e00000)
  object space 87552K, 16% used [0x0000000081a00000,0x0000000082802b60,0x0000000086f80000)
 Metaspace       used 3811K, capacity 5368K, committed 5632K, reserved 1056768K
  class space    used 328K, capacity 424K, committed 512K, reserved 1048576K
Event: 16760.083 GC heap after
Heap after GC invocations=14032 (full 0):
 PSYoungGen      total 24576K, used 32K [0x00000000d5e00000, 0x00000000d7900000, 0x0000000100000000)
  eden space 24064K, 0% used [0x00000000d5e00000,0x00000000d5e00000,0x00000000d7580000)
  from space 512K, 6% used [0x00000000d7880000,0x00000000d7888000,0x00000000d7900000)
  to   space 512K, 0% used [0x00000000d7800000,0x00000000d7800000,0x00000000d7880000)
 ParOldGen       total 87552K, used 14346K [0x0000000081a00000, 0x0000000086f80000, 0x00000000d5e00000)
  object space 87552K, 16% used [0x0000000081a00000,0x0000000082802b60,0x0000000086f80000)
 Metaspace       used 3811K, capacity 5368K, committed 5632K, reserved 1056768K
  class space    used 328K, capacity 424K, committed 512K, reserved 1048576K
}
Event: 16761.914 GC heap before
{Heap before GC invocations=14033 (full 0):
 PSYoungGen      total 24576K, used 24096K [0x00000000d5e00000, 0x00000000d7900000, 0x0000000100000000)
  eden space 24064K, 100% used [0x00000000d5e00000,0x00000000d7580000,0x00000000d7580000)
  from space 512K, 6% used [0x00000000d7880000,0x00000000d7888000,0x00000000d7900000)
  to   space 512K, 0% used [0x00000000d7800000,0x00000000d7800000,0x00000000d7880000)
 ParOldGen       total 87552K, used 14346K [0x0000000081a00000, 0x0000000086f80000, 0x00000000d5e00000)
  object space 87552K, 16% used [0x0000000081a00000,0x0000000082802b60,0x0000000086f80000)
 Metaspace       used 3811K, capacity 5368K, committed 5632K, reserved 1056768K
  class space    used 328K, capacity 424K, committed 512K, reserved 1048576K
Event: 16761.914 GC heap after
Heap after GC invocations=14033 (full 0):
 PSYoungGen      total 24576K, used 32K [0x00000000d5e00000, 0x00000000d7900000, 0x0000000100000000)
  eden space 24064K, 0% used [0x00000000d5e00000,0x00000000d5e00000,0x00000000d7580000)
  from space 512K, 6% used [0x00000000d7800000,0x00000000d7808000,0x00000000d7880000)
  to   space 512K, 0% used [0x00000000d7880000,0x00000000d7880000,0x00000000d7900000)
 ParOldGen       total 87552K, used 14346K [0x0000000081a00000, 0x0000000086f80000, 0x00000000d5e00000)
  object space 87552K, 16% used [0x0000000081a00000,0x0000000082802b60,0x0000000086f80000)
 Metaspace       used 3811K, capacity 5368K, committed 5632K, reserved 1056768K
  class space    used 328K, capacity 424K, committed 512K, reserved 1048576K
}
Event: 16763.113 GC heap before
{Heap before GC invocations=14034 (full 0):
 PSYoungGen      total 24576K, used 24096K [0x00000000d5e00000, 0x00000000d7900000, 0x0000000100000000)
  eden space 24064K, 100% used [0x00000000d5e00000,0x00000000d7580000,0x00000000d7580000)
  from space 512K, 6% used [0x00000000d7800000,0x00000000d7808000,0x00000000d7880000)
  to   space 512K, 0% used [0x00000000d7880000,0x00000000d7880000,0x00000000d7900000)
 ParOldGen       total 87552K, used 14346K [0x0000000081a00000, 0x0000000086f80000, 0x00000000d5e00000)
  object space 87552K, 16% used [0x0000000081a00000,0x0000000082802b60,0x0000000086f80000)
 Metaspace       used 3811K, capacity 5368K, committed 5632K, reserved 1056768K
  class space    used 328K, capacity 424K, committed 512K, reserved 1048576K
Event: 16763.113 GC heap after
Heap after GC invocations=14034 (full 0):
 PSYoungGen      total 24576K, used 32K [0x00000000d5e00000, 0x00000000d7900000, 0x0000000100000000)
  eden space 24064K, 0% used [0x00000000d5e00000,0x00000000d5e00000,0x00000000d7580000)
  from space 512K, 6% used [0x00000000d7880000,0x00000000d7888000,0x00000000d7900000)
  to   space 512K, 0% used [0x00000000d7800000,0x00000000d7800000,0x00000000d7880000)
 ParOldGen       total 87552K, used 14346K [0x0000000081a00000, 0x0000000086f80000, 0x00000000d5e00000)
  object space 87552K, 16% used [0x0000000081a00000,0x0000000082802b60,0x0000000086f80000)
 Metaspace       used 3811K, capacity 5368K, committed 5632K, reserved 1056768K
  class space    used 328K, capacity 424K, committed 512K, reserved 1048576K
}
Event: 16764.340 GC heap before
{Heap before GC invocations=14035 (full 0):
 PSYoungGen      total 24576K, used 24096K [0x00000000d5e00000, 0x00000000d7900000, 0x0000000100000000)
  eden space 24064K, 100% used [0x00000000d5e00000,0x00000000d7580000,0x00000000d7580000)
  from space 512K, 6% used [0x00000000d7880000,0x00000000d7888000,0x00000000d7900000)
  to   space 512K, 0% used [0x00000000d7800000,0x00000000d7800000,0x00000000d7880000)
 ParOldGen       total 87552K, used 14346K [0x0000000081a00000, 0x0000000086f80000, 0x00000000d5e00000)
  object space 87552K, 16% used [0x0000000081a00000,0x0000000082802b60,0x0000000086f80000)
 Metaspace       used 3811K, capacity 5368K, committed 5632K, reserved 1056768K
  class space    used 328K, capacity 424K, committed 512K, reserved 1048576K
Event: 16764.340 GC heap after
Heap after GC invocations=14035 (full 0):
 PSYoungGen      total 24576K, used 0K [0x00000000d5e00000, 0x00000000d7900000, 0x0000000100000000)
  eden space 24064K, 0% used [0x00000000d5e00000,0x00000000d5e00000,0x00000000d7580000)
  from space 512K, 0% used [0x00000000d7800000,0x00000000d7800000,0x00000000d7880000)
  to   space 512K, 0% used [0x00000000d7880000,0x00000000d7880000,0x00000000d7900000)
 ParOldGen       total 87552K, used 14346K [0x0000000081a00000, 0x0000000086f80000, 0x00000000d5e00000)
  object space 87552K, 16% used [0x0000000081a00000,0x0000000082802b60,0x0000000086f80000)
 Metaspace       used 3811K, capacity 5368K, committed 5632K, reserved 1056768K
  class space    used 328K, capacity 424K, committed 512K, reserved 1048576K
}

